[2026-03-17 23:35:13] QAT Training session started.
[2026-03-17 23:35:13] Config: Epochs=10, LR=1e-05, Device=cuda
[2026-03-17 23:35:15] Checkpoint loaded: models/fp32_resnet18.pth
[2026-03-17 23:35:16] Epoch     TrainAcc       TestAcc        Loss           
[2026-03-17 23:36:14] 1         99.91          96.55          0.0047         
[2026-03-17 23:36:15] --- Best QAT Accuracy Updated: 96.55% ---
[2026-03-17 23:37:12] 2         99.96          96.46          0.0040         
[2026-03-17 23:38:09] 3         99.94          96.51          0.0041         
[2026-03-17 23:39:06] 4         99.93          96.58          0.0044         
[2026-03-17 23:39:06] --- Best QAT Accuracy Updated: 96.58% ---
[2026-03-17 23:40:04] 5         99.93          96.42          0.0044         
[2026-03-17 23:41:01] 6         99.93          96.37          0.0043         
[2026-03-17 23:41:58] 7         99.94          96.38          0.0043         
[2026-03-17 23:42:55] 8         99.94          96.40          0.0044         
[2026-03-17 23:43:53] 9         99.94          96.48          0.0044         
[2026-03-17 23:44:50] 10        99.94          96.40          0.0044         
[2026-03-17 23:44:50] Converting QAT model to deployed INT8 format...
[2026-03-17 23:44:51] ==================================================
[2026-03-17 23:44:51] QAT Process Finished.
[2026-03-17 23:44:51] Best Simulation Accuracy: 96.58%
[2026-03-17 23:44:51] Deployment Model Saved: models/resnet18_int8_deploy.pt
[2026-03-17 23:44:51] FP32 Model Size: 42.73 MB
[2026-03-17 23:44:51] INT8 Deploy Size: 10.90 MB
[2026-03-17 23:44:51] Compression Ratio: 3.92x
[2026-03-17 23:44:51] Total Training Time: 9.58 mins
[2026-03-17 23:44:51] ==================================================
[2026-03-17 23:44:51] Experiment Complete. Ready for Raspberry Pi 5.
