[2026-03-17 21:20:18] Environment: cuda | Batch Size: 128 | Epochs: 30
[2026-03-17 21:20:21] Epoch     TrainAcc       TestAcc        Loss           LR        
[2026-03-17 21:21:02] 1         86.93          92.45          0.3752         0.010000  
[2026-03-17 21:21:02] --- Saved best model: 92.45% ---
[2026-03-17 21:21:43] 2         94.07          92.29          0.1726         0.010000  
[2026-03-17 21:22:23] 3         95.48          93.12          0.1296         0.010000  
[2026-03-17 21:22:24] --- Saved best model: 93.12% ---
[2026-03-17 21:23:04] 4         96.74          93.85          0.0966         0.010000  
[2026-03-17 21:23:04] --- Saved best model: 93.85% ---
[2026-03-17 21:23:45] 5         97.23          94.54          0.0810         0.010000  
[2026-03-17 21:23:45] --- Saved best model: 94.54% ---
[2026-03-17 21:24:25] 6         97.70          94.78          0.0668         0.010000  
[2026-03-17 21:24:26] --- Saved best model: 94.78% ---
[2026-03-17 21:25:06] 7         98.00          94.84          0.0573         0.010000  
[2026-03-17 21:25:06] --- Saved best model: 94.84% ---
[2026-03-17 21:25:47] 8         98.08          94.36          0.0559         0.010000  
[2026-03-17 21:26:27] 9         98.48          93.52          0.0444         0.010000  
[2026-03-17 21:27:08] 10        98.53          94.48          0.0427         0.010000  
[2026-03-17 21:27:48] 11        98.69          95.09          0.0382         0.010000  
[2026-03-17 21:27:48] --- Saved best model: 95.09% ---
[2026-03-17 21:28:29] 12        98.96          95.04          0.0322         0.010000  
[2026-03-17 21:29:09] 13        98.74          94.97          0.0355         0.010000  
[2026-03-17 21:29:50] 14        99.01          94.84          0.0297         0.010000  
[2026-03-17 21:30:30] 15        98.67          94.23          0.0380         0.010000  
[2026-03-17 21:31:11] 16        99.54          96.20          0.0169         0.001000  
[2026-03-17 21:31:11] --- Saved best model: 96.20% ---
[2026-03-17 21:31:52] 17        99.74          96.29          0.0103         0.001000  
[2026-03-17 21:31:52] --- Saved best model: 96.29% ---
[2026-03-17 21:32:33] 18        99.80          96.40          0.0085         0.001000  
[2026-03-17 21:32:33] --- Saved best model: 96.40% ---
[2026-03-17 21:33:14] 19        99.87          96.47          0.0069         0.001000  
[2026-03-17 21:33:14] --- Saved best model: 96.47% ---
[2026-03-17 21:33:54] 20        99.92          96.42          0.0057         0.001000  
[2026-03-17 21:34:35] 21        99.91          96.53          0.0058         0.001000  
[2026-03-17 21:34:35] --- Saved best model: 96.53% ---
[2026-03-17 21:35:16] 22        99.94          96.54          0.0046         0.001000  
[2026-03-17 21:35:16] --- Saved best model: 96.54% ---
[2026-03-17 21:35:56] 23        99.94          96.58          0.0046         0.001000  
[2026-03-17 21:35:57] --- Saved best model: 96.58% ---
[2026-03-17 21:36:37] 24        99.92          96.56          0.0047         0.001000  
[2026-03-17 21:37:17] 25        99.94          96.62          0.0042         0.001000  
[2026-03-17 21:37:18] --- Saved best model: 96.62% ---
[2026-03-17 21:37:58] 26        99.97          96.55          0.0035         0.000100  
[2026-03-17 21:38:39] 27        99.97          96.54          0.0036         0.000100  
[2026-03-17 21:39:20] 28        99.95          96.52          0.0039         0.000100  
[2026-03-17 21:40:00] 29        99.95          96.62          0.0037         0.000100  
[2026-03-17 21:40:41] 30        99.97          96.63          0.0033         0.000100  
[2026-03-17 21:40:41] --- Saved best model: 96.63% ---
[2026-03-17 21:40:41] ==================================================
[2026-03-17 21:40:41] Training Complete.
[2026-03-17 21:40:41] Best Test Accuracy: 96.63%
[2026-03-17 21:40:41] Model Saved As: models/fp32_resnet18.pth
[2026-03-17 21:40:41] Model Size: 42.73 MB
[2026-03-17 21:40:41] Total Time: 20.33 mins
[2026-03-17 21:40:41] ==================================================
