2026-03-16 18:34:56,661 - INFO - Training on device: cuda
2026-03-16 18:34:56,661 - INFO - PyTorch version: 2.5.1+cu124
2026-03-16 18:34:56,661 - INFO - Log file: logs/training_20260316_183456.log
2026-03-16 18:34:58,284 - INFO - ============================================================
2026-03-16 18:34:58,284 - INFO - Starting FULL training (30 epochs)...
2026-03-16 18:34:58,285 - INFO - ============================================================
2026-03-16 18:35:49,134 - INFO - Epoch  1: Train Loss=1.4210, Train Acc=47.83%, Val Acc=60.47%
2026-03-16 18:35:49,353 - INFO -   → New best model saved! (accuracy: 60.47%)
2026-03-16 18:36:37,987 - INFO - Epoch  2: Train Loss=0.9192, Train Acc=67.32%, Val Acc=71.44%
2026-03-16 18:36:38,236 - INFO -   → New best model saved! (accuracy: 71.44%)
2026-03-16 18:37:27,613 - INFO - Epoch  3: Train Loss=0.7122, Train Acc=75.14%, Val Acc=77.33%
2026-03-16 18:37:27,886 - INFO -   → New best model saved! (accuracy: 77.33%)
2026-03-16 18:38:17,197 - INFO - Epoch  4: Train Loss=0.5992, Train Acc=79.24%, Val Acc=81.55%
2026-03-16 18:38:17,423 - INFO -   → New best model saved! (accuracy: 81.55%)
2026-03-16 18:39:06,005 - INFO - Epoch  5: Train Loss=0.5219, Train Acc=81.93%, Val Acc=83.44%
2026-03-16 18:39:06,261 - INFO -   → New best model saved! (accuracy: 83.44%)
2026-03-16 18:39:56,142 - INFO - Epoch  6: Train Loss=0.4620, Train Acc=84.04%, Val Acc=83.21%
2026-03-16 18:40:46,309 - INFO - Epoch  7: Train Loss=0.4116, Train Acc=85.68%, Val Acc=82.45%
2026-03-16 18:41:35,083 - INFO - Epoch  8: Train Loss=0.3676, Train Acc=87.45%, Val Acc=84.31%
2026-03-16 18:41:35,312 - INFO -   → New best model saved! (accuracy: 84.31%)
2026-03-16 18:42:24,605 - INFO - Epoch  9: Train Loss=0.3314, Train Acc=88.54%, Val Acc=85.85%
2026-03-16 18:42:24,872 - INFO -   → New best model saved! (accuracy: 85.85%)
2026-03-16 18:43:13,978 - INFO - Epoch 10: Train Loss=0.2940, Train Acc=89.84%, Val Acc=86.67%
2026-03-16 18:43:14,217 - INFO -   → New best model saved! (accuracy: 86.67%)
2026-03-16 18:44:03,105 - INFO - Epoch 11: Train Loss=0.2648, Train Acc=90.84%, Val Acc=86.69%
2026-03-16 18:44:03,358 - INFO -   → New best model saved! (accuracy: 86.69%)
2026-03-16 18:44:53,126 - INFO - Epoch 12: Train Loss=0.2395, Train Acc=91.70%, Val Acc=88.13%
2026-03-16 18:44:53,404 - INFO -   → New best model saved! (accuracy: 88.13%)
2026-03-16 18:45:43,006 - INFO - Epoch 13: Train Loss=0.2116, Train Acc=92.73%, Val Acc=87.76%
2026-03-16 18:46:32,715 - INFO - Epoch 14: Train Loss=0.1865, Train Acc=93.54%, Val Acc=88.44%
2026-03-16 18:46:32,957 - INFO -   → New best model saved! (accuracy: 88.44%)
2026-03-16 18:47:21,641 - INFO - Epoch 15: Train Loss=0.1624, Train Acc=94.55%, Val Acc=88.77%
2026-03-16 18:47:21,951 - INFO -   → New best model saved! (accuracy: 88.77%)
2026-03-16 18:48:10,770 - INFO - Epoch 16: Train Loss=0.1414, Train Acc=95.27%, Val Acc=89.22%
2026-03-16 18:48:10,996 - INFO -   → New best model saved! (accuracy: 89.22%)
2026-03-16 18:49:00,698 - INFO - Epoch 17: Train Loss=0.1281, Train Acc=95.73%, Val Acc=89.58%
2026-03-16 18:49:00,962 - INFO -   → New best model saved! (accuracy: 89.58%)
2026-03-16 18:49:51,094 - INFO - Epoch 18: Train Loss=0.1053, Train Acc=96.57%, Val Acc=89.91%
2026-03-16 18:49:51,334 - INFO -   → New best model saved! (accuracy: 89.91%)
2026-03-16 18:50:40,753 - INFO - Epoch 19: Train Loss=0.0907, Train Acc=97.09%, Val Acc=90.00%
2026-03-16 18:50:40,979 - INFO -   → New best model saved! (accuracy: 90.00%)
2026-03-16 18:51:30,587 - INFO - Epoch 20: Train Loss=0.0775, Train Acc=97.56%, Val Acc=90.28%
2026-03-16 18:51:30,825 - INFO -   → New best model saved! (accuracy: 90.28%)
2026-03-16 18:52:21,285 - INFO - Epoch 21: Train Loss=0.0664, Train Acc=97.95%, Val Acc=90.70%
2026-03-16 18:52:21,573 - INFO -   → New best model saved! (accuracy: 90.70%)
2026-03-16 18:53:11,327 - INFO - Epoch 22: Train Loss=0.0574, Train Acc=98.33%, Val Acc=90.47%
2026-03-16 18:54:01,198 - INFO - Epoch 23: Train Loss=0.0505, Train Acc=98.61%, Val Acc=90.96%
2026-03-16 18:54:01,431 - INFO -   → New best model saved! (accuracy: 90.96%)
2026-03-16 18:54:50,984 - INFO - Epoch 24: Train Loss=0.0433, Train Acc=98.84%, Val Acc=91.05%
2026-03-16 18:54:51,246 - INFO -   → New best model saved! (accuracy: 91.05%)
2026-03-16 18:55:41,215 - INFO - Epoch 25: Train Loss=0.0405, Train Acc=98.97%, Val Acc=91.16%
2026-03-16 18:55:41,421 - INFO -   → New best model saved! (accuracy: 91.16%)
2026-03-16 18:56:30,188 - INFO - Epoch 26: Train Loss=0.0373, Train Acc=99.03%, Val Acc=91.01%
2026-03-16 18:57:19,158 - INFO - Epoch 27: Train Loss=0.0351, Train Acc=99.16%, Val Acc=91.32%
2026-03-16 18:57:19,394 - INFO -   → New best model saved! (accuracy: 91.32%)
2026-03-16 18:58:08,466 - INFO - Epoch 28: Train Loss=0.0333, Train Acc=99.23%, Val Acc=91.10%
2026-03-16 18:58:58,057 - INFO - Epoch 29: Train Loss=0.0329, Train Acc=99.21%, Val Acc=91.21%
2026-03-16 18:59:47,261 - INFO - Epoch 30: Train Loss=0.0337, Train Acc=99.25%, Val Acc=91.19%
2026-03-16 18:59:47,262 - INFO - 
✓ Training completed! Best FP32 accuracy: 91.32%
2026-03-16 18:59:47,262 - INFO - 
============================================================
2026-03-16 18:59:47,262 - INFO - Starting quantization on CPU...
2026-03-16 18:59:47,262 - INFO - ============================================================
2026-03-16 18:59:47,262 - INFO - 1. Loading best model to CPU...
2026-03-16 18:59:47,455 - INFO - 2. Fusing modules...
2026-03-16 18:59:47,503 - INFO - 3. Setting quantization config...
2026-03-16 18:59:47,503 - INFO - 4. Preparing model for quantization...
2026-03-16 18:59:47,555 - INFO - 5. Calibrating with test data (100 batches)...
2026-03-16 19:04:20,086 - INFO - 6. Converting to INT8...
2026-03-16 19:04:20,761 - INFO - 7. Testing INT8 model...
2026-03-16 19:04:20,783 - INFO -    ✓ INT8 model output shape: torch.Size([1, 10])
2026-03-16 19:04:20,784 - INFO - 8. Validating INT8 model accuracy...
2026-03-16 19:05:36,171 - INFO -    ✓ INT8 model accuracy: 91.12%
2026-03-16 19:05:36,172 - INFO -    ✓ Accuracy drop: 0.20%
2026-03-16 19:05:36,201 - INFO -    ✓ INT8 model saved to models/resnet18_int8.pth
2026-03-16 19:05:36,203 - INFO - Training records saved to results/training_records_20260316_190536.json
2026-03-16 19:05:36,203 - INFO - Training summary saved to results/training_summary_20260316_190536.txt
2026-03-16 19:05:36,203 - INFO - 
============================================================
2026-03-16 19:05:36,203 - INFO - FINAL RESULTS
2026-03-16 19:05:36,203 - INFO - ============================================================
2026-03-16 19:05:36,203 - INFO - Best FP32 accuracy: 91.32%
2026-03-16 19:05:36,203 - INFO - INT8 accuracy: 91.12%
2026-03-16 19:05:36,203 - INFO - Accuracy drop: 0.20%
2026-03-16 19:05:36,203 - INFO - Total training time: 1839.54 seconds
2026-03-16 19:05:36,203 - INFO - ============================================================
2026-03-16 19:05:36,203 - INFO - All tasks completed successfully!
