[2026-03-17 23:01:36] Environment: cuda | Batch Size: 128 | Epochs: 30
[2026-03-17 23:01:38] Epoch     TrainAcc       TestAcc        Loss           LR        
[2026-03-17 23:02:19] 1         86.83          92.18          0.3784         0.010000  
[2026-03-17 23:02:20] --- Saved best model: 92.18% ---
[2026-03-17 23:03:00] 2         93.96          93.09          0.1753         0.010000  
[2026-03-17 23:03:00] --- Saved best model: 93.09% ---
[2026-03-17 23:03:40] 3         95.57          93.87          0.1298         0.010000  
[2026-03-17 23:03:40] --- Saved best model: 93.87% ---
[2026-03-17 23:04:20] 4         96.60          94.14          0.0958         0.010000  
[2026-03-17 23:04:21] --- Saved best model: 94.14% ---
[2026-03-17 23:05:01] 5         97.07          94.03          0.0828         0.010000  
[2026-03-17 23:05:41] 6         97.68          94.36          0.0671         0.010000  
[2026-03-17 23:05:41] --- Saved best model: 94.36% ---
[2026-03-17 23:06:22] 7         98.04          93.95          0.0563         0.010000  
[2026-03-17 23:07:02] 8         98.17          94.50          0.0539         0.010000  
[2026-03-17 23:07:02] --- Saved best model: 94.50% ---
[2026-03-17 23:07:42] 9         98.52          94.79          0.0448         0.010000  
[2026-03-17 23:07:42] --- Saved best model: 94.79% ---
[2026-03-17 23:08:23] 10        98.54          94.51          0.0429         0.010000  
[2026-03-17 23:09:03] 11        98.66          94.08          0.0382         0.010000  
[2026-03-17 23:09:43] 12        98.77          95.08          0.0367         0.010000  
[2026-03-17 23:09:43] --- Saved best model: 95.08% ---
[2026-03-17 23:10:24] 13        98.75          95.15          0.0370         0.010000  
[2026-03-17 23:10:24] --- Saved best model: 95.15% ---
[2026-03-17 23:11:04] 14        98.97          94.67          0.0315         0.010000  
[2026-03-17 23:11:44] 15        99.09          94.08          0.0280         0.010000  
[2026-03-17 23:12:25] 16        99.60          95.91          0.0147         0.001000  
[2026-03-17 23:12:25] --- Saved best model: 95.91% ---
[2026-03-17 23:13:05] 17        99.80          96.16          0.0089         0.001000  
[2026-03-17 23:13:05] --- Saved best model: 96.16% ---
[2026-03-17 23:13:46] 18        99.84          96.29          0.0073         0.001000  
[2026-03-17 23:13:46] --- Saved best model: 96.29% ---
[2026-03-17 23:14:26] 19        99.90          96.31          0.0058         0.001000  
[2026-03-17 23:14:26] --- Saved best model: 96.31% ---
[2026-03-17 23:15:06] 20        99.90          96.41          0.0052         0.001000  
[2026-03-17 23:15:06] --- Saved best model: 96.41% ---
[2026-03-17 23:15:47] 21        99.93          96.43          0.0048         0.001000  
[2026-03-17 23:15:47] --- Saved best model: 96.43% ---
[2026-03-17 23:16:27] 22        99.93          96.48          0.0044         0.001000  
[2026-03-17 23:16:27] --- Saved best model: 96.48% ---
[2026-03-17 23:17:08] 23        99.96          96.50          0.0039         0.001000  
[2026-03-17 23:17:08] --- Saved best model: 96.50% ---
[2026-03-17 23:17:48] 24        99.95          96.47          0.0037         0.001000  
[2026-03-17 23:18:28] 25        99.96          96.47          0.0034         0.001000  
[2026-03-17 23:19:08] 26        99.95          96.42          0.0036         0.000100  
[2026-03-17 23:19:48] 27        99.95          96.36          0.0035         0.000100  
[2026-03-17 23:20:29] 28        99.97          96.46          0.0032         0.000100  
[2026-03-17 23:21:09] 29        99.93          96.47          0.0037         0.000100  
[2026-03-17 23:21:49] 30        99.96          96.39          0.0034         0.000100  
[2026-03-17 23:21:49] ==================================================
[2026-03-17 23:21:49] Training Complete.
[2026-03-17 23:21:49] Best Test Accuracy: 96.50%
[2026-03-17 23:21:49] Model Saved As: models/fp32_resnet18.pth
[2026-03-17 23:21:49] Model Size: 42.73 MB
[2026-03-17 23:21:49] Total Time: 20.18 mins
[2026-03-17 23:21:49] ==================================================
